Array
(
)
Array
(
    [clear_cart] => true
)
Array
(
    [first_name] => ramez
    [last_name] => khaled
    [phone1] => 01022069607
    [phone2] => 01210292847
    [address] => 7 jkgkhs oiupoas lhlaksad
    [city] => Cairo
    [comment] => gg
    [place_order] => true
)
Array
(
)
Array
(
)
Array
(
)
Array
(
    [clear_cart] => true
)
Array
(
    [first_name] => ramez
    [last_name] => khaled
    [phone1] => 01022069607
    [phone2] => 01210292847
    [address] => 7 jkgkhs oiupoas lhlaksad
    [city] => Cairo
    [comment] => 
    [place_order] => true
)
Array
(
)
Array
(
)
Array
(
)
Array
(
    [clear_cart] => true
)
Array
(
    [first_name] => ramez
    [last_name] => khaled
    [phone1] => 01022069607
    [phone2] => 01210292847
    [address] => 7 jkgkhs oiupoas lhlaksad
    [city] => Alexandria
    [comment] => 
    [place_order] => true
)
Array
(
)
Array
(
)
Array
(
)
Array
(
    [clear_cart] => true
)
Array
(
    [first_name] => ramez
    [last_name] => khaled
    [phone1] => 01022069607
    [phone2] => 01210292847
    [address] => 7 jkgkhs oiupoas lhlaksad
    [city] => Alexandria
    [comment] => 
    [place_order] => true
)
Array
(
)
Array
(
)
Array
(
)
Array
(
    [clear_cart] => true
)
Array
(
    [first_name] => ramez
    [last_name] => khaled
    [phone1] => 01022069607
    [phone2] => 01210292847
    [address] => 7 jkgkhs oiupoas lhlaksad
    [city] => Cairo
    [comment] => 
    [place_order] => true
)
Array
(
)
Array
(
)
Array
(
    [clear_cart] => true
)
Array
(
)
Array
(
)
Array
(
)
Array
(
    [first_name] => ramez
    [last_name] => khaled
    [phone1] => 01022069607
    [phone2] => 01210292847
    [address] => 7 jkgkhs oiupoas lhlaksad
    [city] => Cairo
    [comment] => 
    [place_order] => true
)
Array
(
    [first_name] => ramez
    [last_name] => khaled
    [phone1] => 01022069607
    [phone2] => 01210292847
    [address] => 7 jkgkhs oiupoas lhlaksad
    [city] => Cairo
    [comment] => 
    [place_order] => true
)
Array
(
    [first_name] => ramez
    [last_name] => khaled
    [phone1] => 01022069607
    [phone2] => 01210292847
    [address] => 7 jkgkhs oiupoas lhlaksad
    [city] => Cairo
    [comment] => 
    [place_order] => true
)
Array
(
    [first_name] => ramez
    [last_name] => khaled
    [phone1] => 01022069607
    [phone2] => 01210292847
    [address] => 7 jkgkhs oiupoas lhlaksad
    [city] => Cairo
    [comment] => 
    [place_order] => true
)
Array
(
    [first_name] => ramez
    [last_name] => khaled
    [phone1] => 01022069607
    [phone2] => 01210292847
    [address] => 7 jkgkhs oiupoas lhlaksad
    [city] => Cairo
    [comment] => 
    [place_order] => true
)
Array
(
    [first_name] => ramez
    [last_name] => khaled
    [phone1] => 01022069607
    [phone2] => 01210292847
    [address] => 7 jkgkhs oiupoas lhlaksad
    [city] => Cairo
    [comment] => 
    [place_order] => true
)
Array
(
)
Array
(
    [first_name] => ramez
    [last_name] => khaled
    [phone1] => 01022069607
    [phone2] => 01210292847
    [address] => 7 jkgkhs oiupoas lhlaksad
    [city] => Alexandria
    [comment] => 
    [place_order] => true
)
Array
(
)
Array
(
    [clear_cart] => true
)
Array
(
    [first_name] => ramez
    [last_name] => khaled
    [phone1] => 01022069607
    [phone2] => 01210292847
    [address] => 7 jkgkhs oiupoas lhlaksad
    [city] => Cairo
    [comment] => 
    [place_order] => true
)
Array
(
)
Array
(
)
Array
(
    [clear_cart] => true
)
Array
(
)
Array
(
)
Array
(
)
Array
(
    [clear_cart] => true
)
Array
(
)
Array
(
)
Array
(
)
Array
(
    [clear_cart] => true
)
Array
(
)
Array
(
)
Array
(
    [first_name] => ramez
    [last_name] => khaled
    [phone1] => 01022069607
    [phone2] => 01210292847
    [address] => 7 jkgkhs oiupoas lhlaksad
    [city] => Alexandria
    [comment] => 
    [place_order] => true
)
Array
(
)
Array
(
)
Array
(
    [first_name] => ramez
    [last_name] => khaled
    [phone1] => 01022069607
    [phone2] => 01210292847
    [address] => 7 jkgkhs oiupoas lhlaksad
    [city] => Alexandria
    [comment] => 
    [place_order] => true
)
Array
(
)
Array
(
)
Array
(
    [first_name] => ramez
    [last_name] => khaled
    [phone1] => 01022069607
    [phone2] => 01210292847
    [address] => 7 jkgkhs oiupoas lhlaksad
    [city] => Luxor
    [comment] => 
    [place_order] => true
)
Array
(
)
Array
(
)
Array
(
    [place_order] => true
)
Array
(
)
Array
(
)
Array
(
)
Array
(
    [first_name] => ramez
    [last_name] => khaled
    [phone1] => 01022069607
    [phone2] => 01210292847
    [address] => 7 jkgkhs oiupoas lhlaksad
    [city] => Alexandria
    [comment] => 
    [place_order] => true
)
Array
(
)
Array
(
)
Array
(
)
Array
(
    [place_order] => true
)
Array
(
)
Array
(
    [place_order] => true
)
Array
(
)
Array
(
    [first_name] => ramez
    [last_name] => khaled
    [phone1] => 01022069607
    [phone2] => 01210292847
    [address] => 7 jkgkhs oiupoas lhlaksad
    [city] => Cairo
    [comment] => 
    [place_order] => true
)
Array
(
)
Array
(
)
Array
(
)
Array
(
    [first_name] => ramez
    [last_name] => khaled
    [phone1] => 01022069607
    [phone2] => 01210292847
    [address] => 7 jkgkhs oiupoas lhlaksad
    [city] => Alexandria
    [comment] => 
    [place_order] => true
)
Array
(
)
Array
(
)
Array
(
    [first_name] => ramez
    [last_name] => khaled
    [phone1] => 01022069607
    [phone2] => 01210292847
    [address] => 7 jkgkhs oiupoas lhlaksad
    [city] => Alexandria
    [comment] => 
    [place_order] => true
)
Array
(
)
Array
(
)
Array
(
)
Array
(
    [first_name] => ramez
    [last_name] => khaled
    [phone1] => 01022069607
    [phone2] => 01210292847
    [address] => 7 jkgkhs oiupoas lhlaksad
    [city] => Alexandria
    [comment] => 
    [place_order] => true
)
Array
(
)
Array
(
)
Array
(
    [first_name] => ramez
    [last_name] => khaled
    [phone1] => 01022069607
    [phone2] => 01210292847
    [address] => 7 jkgkhs oiupoas lhlaksad
    [city] => Alexandria
    [comment] => 
    [place_order] => true
)
Array
(
)
Array
(
)
Array
(
)
Array
(
    [first_name] => ramez
    [last_name] => khaled
    [phone1] => 01022069607
    [phone2] => 01210292847
    [address] => 7 jkgkhs oiupoas lhlaksad
    [city] => Giza
    [comment] => 
    [place_order] => true
)
Array
(
)
Array
(
)
Array
(
)
Array
(
    [first_name] => ramez
    [last_name] => khaled
    [phone1] => 01022069607
    [phone2] => 01210292847
    [address] => 7 jkgkhs oiupoas lhlaksad
    [city] => Cairo
    [comment] => 
    [place_order] => true
)
Array
(
)
Array
(
)
Array
(
)
Array
(
    [first_name] => ramez
    [last_name] => khaled
    [phone1] => 01022069607
    [phone2] => 01210292847
    [address] => 7 jkgkhs oiupoas lhlaksad
    [city] => Giza
    [comment] => 
    [place_order] => true
)
Array
(
)
Array
(
)
Array
(
)
Array
(
)
Array
(
    [update_quantity] => true
    [item_id] => 16
    [quantity] => 2
)
Array
(
    [get_cart] => true
)
Array
(
    [update_quantity] => true
    [item_id] => 16
    [quantity] => 1
)
Array
(
    [get_cart] => true
)
Array
(
    [first_name] => amir
    [last_name] => elaraby
    [phone1] => 01028230098
    [phone2] => 0123456789
    [address] => ashdahsdbajkdakjsdjasd
    [city] => Alexandria
    [comment] => thanx
    [place_order] => true
)
Array
(
)
Array
(
)
Array
(
    [update_quantity] => true
    [item_id] => 17
    [quantity] => 2
)
Array
(
    [get_cart] => true
)
Array
(
    [update_quantity] => true
    [item_id] => 17
    [quantity] => 1
)
Array
(
    [get_cart] => true
)
Array
(
)
Array
(
)
